<?xml version="1.0" encoding="UTF-8"?>
<!-- Generated by org.testng.reporters.JUnitXMLReporter -->
<testsuite ignored="0" hostname="seebeal" failures="0" tests="8" name="Default test" time="20.52" errors="0" timestamp="2024-08-19T19:24:17 EET">
  <testcase classname="almosaferProject.FinallTest" name="testAlmosaferDefaultLanguageisEN" time="0.09"/>
  <testcase classname="almosaferProject.FinallTest" name="CheckdefaultCurrencyisSAR" time="0.071"/>
  <testcase classname="almosaferProject.FinallTest" name="CheckContactNumber" time="0.044"/>
  <testcase classname="almosaferProject.FinallTest" name="CheckQitagLogo" time="0.098"/>
  <testcase classname="almosaferProject.FinallTest" name="checkHotel" time="0.149"/>
  <testcase classname="almosaferProject.FinallTest" name="test" time="4.112"/>
  <testcase classname="almosaferProject.FinallTest" name="HotelSearchBox" time="0.076"/>
  <testcase classname="almosaferProject.FinallTest" name="searchButton" time="11.888"/>
</testsuite> <!-- Default test -->
