<?xml version="1.0" encoding="UTF-8"?>
<!-- Generated by org.testng.reporters.JUnitXMLReporter -->
<testsuite ignored="0" hostname="seebeal" failures="0" tests="5" name="Default test" time="4.364" errors="0" timestamp="2024-08-14T21:50:38 EET">
  <testcase classname="almosaferProject.FinallTest" name="CheckQitagLogo" time="0.11"/>
  <testcase classname="almosaferProject.FinallTest" name="checkHotel" time="0.026"/>
  <testcase classname="almosaferProject.FinallTest" name="testAlmosaferDefaultLanguageisEN" time="0.03"/>
  <testcase classname="almosaferProject.FinallTest" name="CheckdefaultCurrencyisSAR" time="0.041"/>
  <testcase classname="almosaferProject.FinallTest" name="CheckContactNumber" time="0.289"/>
</testsuite> <!-- Default test -->
