<?xml version="1.0" encoding="UTF-8"?>
<testng-results ignored="0" total="5" passed="5" failed="0" skipped="0">
  <reporter-output>
  </reporter-output>
  <suite started-at="2024-08-14T21:50:33 EET" name="Default suite" finished-at="2024-08-14T21:50:38 EET" duration-ms="4364">
    <groups>
    </groups>
    <test started-at="2024-08-14T21:50:33 EET" name="Default test" finished-at="2024-08-14T21:50:38 EET" duration-ms="4364">
      <class name="almosaferProject.FinallTest">
        <test-method is-config="true" signature="mytest()[pri:0, instance:almosaferProject.FinallTest@757d6814]" started-at="2024-08-14T21:50:33 EET" name="mytest" finished-at="2024-08-14T21:50:37 EET" duration-ms="3773" status="PASS">
          <reporter-output>
          </reporter-output>
        </test-method> <!-- mytest -->
        <test-method signature="CheckQitagLogo()[pri:0, instance:almosaferProject.FinallTest@757d6814]" started-at="2024-08-14T21:50:37 EET" name="CheckQitagLogo" finished-at="2024-08-14T21:50:37 EET" duration-ms="110" status="PASS">
          <reporter-output>
          </reporter-output>
        </test-method> <!-- CheckQitagLogo -->
        <test-method signature="checkHotel()[pri:0, instance:almosaferProject.FinallTest@757d6814]" started-at="2024-08-14T21:50:37 EET" name="checkHotel" finished-at="2024-08-14T21:50:37 EET" duration-ms="26" status="PASS">
          <reporter-output>
          </reporter-output>
        </test-method> <!-- checkHotel -->
        <test-method signature="testAlmosaferDefaultLanguageisEN()[pri:1, instance:almosaferProject.FinallTest@757d6814]" started-at="2024-08-14T21:50:37 EET" name="testAlmosaferDefaultLanguageisEN" finished-at="2024-08-14T21:50:37 EET" duration-ms="30" status="PASS">
          <reporter-output>
          </reporter-output>
        </test-method> <!-- testAlmosaferDefaultLanguageisEN -->
        <test-method signature="CheckdefaultCurrencyisSAR()[pri:2, instance:almosaferProject.FinallTest@757d6814]" started-at="2024-08-14T21:50:37 EET" name="CheckdefaultCurrencyisSAR" finished-at="2024-08-14T21:50:37 EET" duration-ms="41" status="PASS">
          <reporter-output>
          </reporter-output>
        </test-method> <!-- CheckdefaultCurrencyisSAR -->
        <test-method signature="CheckContactNumber()[pri:3, instance:almosaferProject.FinallTest@757d6814]" started-at="2024-08-14T21:50:37 EET" name="CheckContactNumber" finished-at="2024-08-14T21:50:38 EET" duration-ms="289" status="PASS">
          <reporter-output>
          </reporter-output>
        </test-method> <!-- CheckContactNumber -->
      </class> <!-- almosaferProject.FinallTest -->
    </test> <!-- Default test -->
  </suite> <!-- Default suite -->
</testng-results>
